Traceback (most recent call last):
  File "/opt/homebrew/Caskroom/miniconda/base/envs/jupyterbook/lib/python3.10/site-packages/jupyter_cache/executors/utils.py", line 51, in single_nb_execution
    executenb(
  File "/opt/homebrew/Caskroom/miniconda/base/envs/jupyterbook/lib/python3.10/site-packages/nbclient/client.py", line 1204, in execute
    return NotebookClient(nb=nb, resources=resources, km=km, **kwargs).execute()
  File "/opt/homebrew/Caskroom/miniconda/base/envs/jupyterbook/lib/python3.10/site-packages/nbclient/util.py", line 84, in wrapped
    return just_run(coro(*args, **kwargs))
  File "/opt/homebrew/Caskroom/miniconda/base/envs/jupyterbook/lib/python3.10/site-packages/nbclient/util.py", line 62, in just_run
    return loop.run_until_complete(coro)
  File "/opt/homebrew/Caskroom/miniconda/base/envs/jupyterbook/lib/python3.10/asyncio/base_events.py", line 649, in run_until_complete
    return future.result()
  File "/opt/homebrew/Caskroom/miniconda/base/envs/jupyterbook/lib/python3.10/site-packages/nbclient/client.py", line 663, in async_execute
    await self.async_execute_cell(
  File "/opt/homebrew/Caskroom/miniconda/base/envs/jupyterbook/lib/python3.10/site-packages/nbclient/client.py", line 965, in async_execute_cell
    await self._check_raise_for_error(cell, cell_index, exec_reply)
  File "/opt/homebrew/Caskroom/miniconda/base/envs/jupyterbook/lib/python3.10/site-packages/nbclient/client.py", line 862, in _check_raise_for_error
    raise CellExecutionError.from_cell_and_msg(cell, exec_reply_content)
nbclient.exceptions.CellExecutionError: An error occurred while executing the following cell:
------------------
# Do not check the answer before practicing the tasks.
exec_ipynb("warm_up_answer.ipynb")
------------------

[0;31m---------------------------------------------------------------------------[0m
[0;31mFileNotFoundError[0m                         Traceback (most recent call last)
Cell [0;32mIn[3], line 2[0m
[1;32m      1[0m [38;5;66;03m# Do not check the answer before practicing the tasks.[39;00m
[0;32m----> 2[0m [43mexec_ipynb[49m[43m([49m[38;5;124;43m"[39;49m[38;5;124;43mwarm_up_answer.ipynb[39;49m[38;5;124;43m"[39;49m[43m)[49m

Cell [0;32mIn[2], line 10[0m, in [0;36mexec_ipynb[0;34m(filename_or_url)[0m
[1;32m      6[0m [38;5;28;01mdef[39;00m [38;5;21mexec_ipynb[39m(filename_or_url):
[1;32m      7[0m     [38;5;124;03m"""[39;00m
[1;32m      8[0m [38;5;124;03m    Load other ipython notebooks and import their functions.[39;00m
[1;32m      9[0m [38;5;124;03m    """[39;00m
[0;32m---> 10[0m     nb [38;5;241m=[39m (requests[38;5;241m.[39mget(filename_or_url)[38;5;241m.[39mjson() [38;5;28;01mif[39;00m re[38;5;241m.[39mmatch([38;5;124mr[39m[38;5;124m'[39m[38;5;124mhttps?:[39m[38;5;124m'[39m, filename_or_url) [38;5;28;01melse[39;00m json[38;5;241m.[39mload([38;5;28;43mopen[39;49m[43m([49m[43mfilename_or_url[49m[43m)[49m))
[1;32m     11[0m     [38;5;28;01mif[39;00m(nb[[38;5;124m'[39m[38;5;124mnbformat[39m[38;5;124m'[39m] [38;5;241m>[39m[38;5;241m=[39m [38;5;241m4[39m):
[1;32m     12[0m         src [38;5;241m=[39m [[38;5;124m'[39m[38;5;124m'[39m[38;5;241m.[39mjoin(cell[[38;5;124m'[39m[38;5;124msource[39m[38;5;124m'[39m]) [38;5;28;01mfor[39;00m cell [38;5;129;01min[39;00m nb[[38;5;124m'[39m[38;5;124mcells[39m[38;5;124m'[39m] [38;5;28;01mif[39;00m cell[[38;5;124m'[39m[38;5;124mcell_type[39m[38;5;124m'[39m] [38;5;241m==[39m [38;5;124m'[39m[38;5;124mcode[39m[38;5;124m'[39m]

File [0;32m/opt/homebrew/Caskroom/miniconda/base/envs/jupyterbook/lib/python3.10/site-packages/IPython/core/interactiveshell.py:282[0m, in [0;36m_modified_open[0;34m(file, *args, **kwargs)[0m
[1;32m    275[0m [38;5;28;01mif[39;00m file [38;5;129;01min[39;00m {[38;5;241m0[39m, [38;5;241m1[39m, [38;5;241m2[39m}:
[1;32m    276[0m     [38;5;28;01mraise[39;00m [38;5;167;01mValueError[39;00m(
[1;32m    277[0m         [38;5;124mf[39m[38;5;124m"[39m[38;5;124mIPython won[39m[38;5;124m'[39m[38;5;124mt let you open fd=[39m[38;5;132;01m{[39;00mfile[38;5;132;01m}[39;00m[38;5;124m by default [39m[38;5;124m"[39m
[1;32m    278[0m         [38;5;124m"[39m[38;5;124mas it is likely to crash IPython. If you know what you are doing, [39m[38;5;124m"[39m
[1;32m    279[0m         [38;5;124m"[39m[38;5;124myou can use builtins[39m[38;5;124m'[39m[38;5;124m open.[39m[38;5;124m"[39m
[1;32m    280[0m     )
[0;32m--> 282[0m [38;5;28;01mreturn[39;00m [43mio_open[49m[43m([49m[43mfile[49m[43m,[49m[43m [49m[38;5;241;43m*[39;49m[43margs[49m[43m,[49m[43m [49m[38;5;241;43m*[39;49m[38;5;241;43m*[39;49m[43mkwargs[49m[43m)[49m

[0;31mFileNotFoundError[0m: [Errno 2] No such file or directory: 'warm_up_answer.ipynb'
FileNotFoundError: [Errno 2] No such file or directory: 'warm_up_answer.ipynb'

